|SourceProjectName:Coletor HHP.hpr
|DestinationProjectName:Coletor_HHP.htm
whhost.js
whmsg.js
whmozemu.js
whproxy.js
whstub.js
whutils.js
whver.js
whform.js
whphost.js
whstart.js
whtopic.js
whframes.js
whlang.js
whskin_info.htm
whskin_blank.htm
whskin_pickup.htm
whskin_homepage.htm
whskin_tw.htm
whnjs.htm
whthost.js
whtdhtml.htm
whihost.js
whibody.htm
whiform.htm
whfhost.js
whfbody.htm
whfform.htm
whghost.js
whgbody.htm
whgdhtml.htm
whgdef.htm
whproj.js
whproj.xml
whproj.htm
whxdata\whtoc.xml
whxdata\whidx.xml
whxdata\whfts.xml
whxdata\whglo.xml
whdata\whtoc.js
whdata\whtoc.htm
whdata\whtdata.js
whdata\whidx.js
whdata\whidx.htm
whdata\whidata.js
whdata\whfts.js
whdata\whfts.htm
whdata\whglo.js
whdata\whglo.htm
whdata\whgdata.js
whdata\whftdata.js
whdata\whfwdata.js
whres.xml
WebHelp.jar
WebHelp.cab
whgdata\whnvp30.htm
whgdata\whnvp31.htm
whgdata\whnvp32.htm
whgdata\whnvp33.htm
whgdata\whnvt30.htm
whgdata\whnvt31.htm
whgdata\whnvt32.htm
whgdata\whnvt33.htm
whgdata\whnvf30.htm
whgdata\whnvf31.htm
whgdata\whnvf32.htm
whgdata\whnvf33.htm
whgdata\whnvl31.htm
whgdata\whnvl32.htm
whgdata\whnvl33.htm
whgdata\whexpbar.gif
cshdat_webhelp.htm
whcsh_home.htm
whcshdata.htm
cshdat_robohelp.htm
wht_tab0.gif
wht_tab1.gif
wht_tab2.gif
wht_tab3.gif
wht_tab4.gif
wht_tab5.gif
wht_tab6.gif
wht_tab7.gif
wht_tab8.gif
wht_glo_h.gif
wht_glo_n.gif
wht_fts_h.gif
wht_fts_n.gif
wht_idx_h.gif
wht_idx_n.gif
wht_toc_h.gif
wht_toc_n.gif
wht_ws.gif
wht_ws_g.gif
wht_logo1.gif
wht_logo2.gif
wht_abgw.jpg
wht_abgi.jpg
wht_abge.jpg
wht_abtw.jpg
wht_abte.jpg
wht_abti.jpg
wht_spac.gif
wht_next.gif
wht_next_g.gif
wht_prev.gif
wht_prev_g.gif
wht_sync.gif
wht_hide.gif
wht_go.gif
whstart.ico
whestart.ico
whrstart.ico
whidhtml.htm
whfdhtml.htm
whskin_banner.htm
whtbar.js
whskin_pdhtml.htm
whskin_papplet.htm
whskin_plist.htm
whskin_tbars.htm
whskin_mbars.htm
wht_toc4.gif
wht_toc1.gif
wht_toc2.gif
wht_toc3.gif
whskin_frmset010.htm
whst_topics.xml
whskin_frmset01.htm
Coletor_HHP_hha.hhk
Coletor_HHP.hhc
Coletor_HHP.hhk
1__Etapa.htm
1__Etapa_II.htm
1__Etapa_III.htm
2__Etapa.htm
Ajustes.htm
Ajustes_II.htm
Ambiente.htm
Arquivos_de_Configuracao.htm
Cenario_de_Implantacao.htm
Estrutura_de_Diretorios.htm
Iniciando_o_SROServer.htm
Instalacao.htm
Instalacao_da_impressao_LPR.htm
Instalacao_da_impressao_LPR_II.htm
Instalacao_da_Impressora_de_Etiquetas.htm
Instalacao_da_Impressora_de_Relatorios.htm
Instalacao_do_Net_Base.htm
Instalacao_Java.htm
Instalacao_Java_II.htm
Instalacao_MDAC.htm
Instalando_o_Roteador.htm
Instalando_o_Roteador_II.htm
Instala_ao_da_impressao_LPR_III.htm
Levar_um_coletor_para_outra_unidade.htm
Opcao_DHCP.htm
Opcao_Static_IP.htm
Parametros.htm
Parametros_III.htm
Par_metros_II.htm
Preparando_o_Ambiente.htm
Registro_do_Backup.htm
Reinstalacao_do_Aplicativo.htm
Seja_Bem_Vindo.htm
Topicos.htm
eHelp.xml
RoboHHRE.lng
Coletor_HHP.glo
m_ManualSROII.css
ManualSROII_41_02.gif
ManualSROII_39_01.gif
ManualSROII_15_02.gif
ManualSROII_62_03.gif
ManualSROII_57_03.gif
ManualSROII_20_01.gif
ManualSROII_12_03.gif
HHP1.jpg
ManualSROII_52_01.gif
ManualSROII_47_01.gif
ManualSROII_15_03.gif
ManualSROII_44_02.gif
ManualSROII_47_02.gif
ManualSROII_39_03.gif
ManualSROII_23_02.gif
ManualSROII_31_01.gif
ManualSROII_26_01.gif
ManualSROII_20_03.gif
ManualSROII_60_01.gif
ManualSROII_55_01.gif
ManualSROII_52_03.gif
ManualSROII_47_03.gif
ManualSROII_34_01.gif
ManualSROII_31_02.gif
ManualSROII_29_01.gif
ManualSROII_26_02.gif
ManualSROII_63_01.gif
ManualSROII_60_02.gif
ManualSROII_55_02.gif
ManualSROII_47_04.gif
ManualSROII_13_01.gif
ManualSROII_10_02.gif
ManualSROII_58_01.gif
Rodap__hhp.bmp
ManualSROII_42_01.gif
ManualSROII_63_02.gif
ManualSROII_55_03.gif
ManualSROII_13_02.gif
ManualSROII_58_02.gif
ManualSROII_37_01.gif
ManualSROII_29_03.gif
ManualSROII_50_01.gif
ManualSROII_21_01.gif
ManualSROII_16_01.gif
ManualSROII_45_01.gif
ManualSROII_37_02.gif
ManualSROII_53_01.gif
ManualSROII_50_02.gif
ManualSROII_48_01.gif
ManualSROII_21_02.gif
ManualSROII_16_02.gif
ManualSROII_53_02.gif
ManualSROII_50_03.gif
ManualSROII_32_01.gif
ManualSROII_48_02.gif
Coletormarcadagua.bmp
Cabecalho_Manuais.gif
ManualSROII_61_01.gif
ManualSROII_56_01.gif
ManualSROII_53_03.gif
ManualSROII_48_03.gif
ManualSROII_27_02.gif
ManualSROII_11_01.gif
ManualSROII_64_01.gif
ManualSROII_61_02.gif
ManualSROII_59_01.gif
ManualSROII_56_02.gif
ManualSROII_40_01.gif
ManualSROII_14_01.gif
ManualSROII_11_02.gif
ManualSROII_09_01.gif
ManualSROII_06_02.gif
ManualSROII_64_02.gif
ManualSROII_61_03.gif
ManualSROII_59_02.gif
ManualSROII_40_02.gif
ManualSROII_38_01.gif
ManualSROII_35_02.gif
ManualSROII_09_02.gif
ManualSROII_43_02.gif
ManualSROII_64_03.gif
ManualSROII_59_03.gif
ManualSROII_51_01.gif
ManualSROII_46_01.gif
ManualSROII_38_02.gif
ManualSROII_22_01.gif
ManualSROII_49_01.gif
ManualSROII_30_01.gif
ManualSROII_25_01.gif
ManualSROII_51_02.gif
ManualSROII_46_02.gif
ManualSROII_22_02.gif
ManualSROII_17_02.gif
ManualSROII_54_01.gif
ManualSROII_49_02.gif
ManualSROII_30_02.gif
ManualSROII_46_03.gif
ManualSROII_33_01.gif
ManualSROII_62_01.gif
ManualSROII_57_01.gif
ManualSROII_54_02.gif
ManualSROII_33_02.gif
ManualSROII_12_01.gif
ManualSROII_41_01.gif
ManualSROII_15_01.gif
ManualSROII_36_01.gif
ManualSROII_65_01.gif
ManualSROII_62_02.gif
ManualSROII_57_02.gif
ManualSROII_12_02.gif
ehlpdhtm.js
Coletor_HHP.ppf
m_ManualSROII_ns.css
whxdata\whtdata0.xml
whxdata\whidata0.xml
whxdata\whftdata0.xml
whxdata\whfwdata0.xml
whxdata\whfwdata1.xml
whxdata\whfwdata2.xml
whxdata\whfwdata3.xml
whxdata\whfwdata4.xml
whxdata\whfwdata5.xml
whdata\whtdata0.htm
whdata\whidata0.htm
whdata\whftdata0.htm
whdata\whfwdata0.htm
whdata\whfwdata1.htm
whdata\whfwdata2.htm
whdata\whfwdata3.htm
whdata\whfwdata4.htm
whdata\whfwdata5.htm
whgdata\whlstt0.htm
whgdata\whlstt1.htm
whgdata\whlstt2.htm
whgdata\whlstt3.htm
whgdata\whlstt4.htm
whgdata\whlstt5.htm
whgdata\whlstt6.htm
whgdata\whlstt7.htm
whgdata\whlstt8.htm
whgdata\whlstt9.htm
whgdata\whlstt10.htm
whgdata\whlstt11.htm
whgdata\whlstt12.htm
whgdata\whlsti0.htm
whgdata\whlstfl0.htm
whgdata\whlstfl1.htm
whgdata\whlstfl2.htm
whgdata\whlstfl3.htm
whgdata\whlstfl4.htm
whgdata\whlstfl5.htm
whgdata\whlstfl6.htm
whgdata\whlstfl7.htm
whgdata\whlstfl8.htm
whgdata\whlstfl9.htm
whgdata\whlstfl10.htm
whgdata\whlstfl11.htm
whgdata\whlstfl12.htm
whgdata\whlstfl13.htm
whgdata\whlstfl14.htm
whgdata\whlstfl15.htm
whgdata\whlstfl16.htm
whgdata\whlstfl17.htm
whgdata\whlstfl18.htm
whgdata\whlstfl19.htm
whgdata\whlstfl20.htm
whgdata\whlstfl21.htm
whgdata\whlstfl22.htm
whgdata\whlstfl23.htm
whgdata\whlstf0.htm
whgdata\whlstf1.htm
whgdata\whlstf2.htm
whgdata\whlstf3.htm
whgdata\whlstf4.htm
whgdata\whlstf5.htm
whgdata\whlstf6.htm
whgdata\whlstf7.htm
whgdata\whlstf8.htm
whgdata\whlstf9.htm
whgdata\whlstg0.htm
Coletor_HHP.htm
Coletor_HHP_csh.htm
Coletor_HHP_rhc.htm
